<?xml version="1.0" encoding="UTF-8"?>
<!-- Generated by org.testng.reporters.JUnitReportReporter -->
<testsuite hostname="ALNV4AQ" failures="0" tests="3" name="testcases.RegisterTestCasesEx1" time="84.901" errors="0" timestamp="17 Apr 2024 05:42:45 GMT" skipped="0">
  <testcase classname="testcases.RegisterTestCasesEx1" name="validInformationAndRegister" time="30.647"/>
  <testcase classname="testcases.RegisterTestCasesEx1" name="registerWithSubscriptionYes" time="25.497"/>
  <testcase classname="testcases.RegisterTestCasesEx1" name="registerWithWithoutAnyInformation" time="28.757"/>
</testsuite> <!-- testcases.RegisterTestCasesEx1 -->
