<?xml version="1.0" encoding="UTF-8"?>
<!-- Generated by org.testng.reporters.JUnitReportReporter -->
<testsuite hostname="ALNV4AQ" failures="0" tests="4" name="testcases.Login4TestCasesEX1" time="199.863" errors="0" timestamp="17 Apr 2024 06:02:14 GMT" skipped="0">
  <testcase classname="testcases.Login4TestCasesEX1" name="loginWithValidUserNameAndValidPassword" time="128.468"/>
  <testcase classname="testcases.Login4TestCasesEX1" name="loginWithInvalidUserNameAndValidPassword" time="26.475"/>
  <testcase classname="testcases.Login4TestCasesEX1" name="loginWithValidUserNameAndInvalidPassword" time="24.458"/>
  <testcase classname="testcases.Login4TestCasesEX1" name="loginWithWithOutUserNameANdPassword" time="20.462"/>
</testsuite> <!-- testcases.Login4TestCasesEX1 -->
