<?xml version="1.0" encoding="UTF-8"?>
<!-- Generated by org.testng.reporters.JUnitReportReporter -->
<testsuite hostname="ALNV4AQ" failures="0" tests="1" name="testcases.LoginAssertionEx1" time="30.472" errors="0" timestamp="2024-04-03T14:44:26 IST" skipped="0">
  <testcase classname="testcases.LoginAssertionEx1" name="LoginWithValidUserNameAndValidPassword" time="30.472"/>
</testsuite> <!-- testcases.LoginAssertionEx1 -->
