<?xml version="1.0" encoding="UTF-8"?>
<!-- Generated by org.testng.reporters.JUnitReportReporter -->
<testsuite hostname="ALNV4AQ" failures="0" tests="2" name="utilites.ReadDataFromPropertiesFileAndExcelFileEx1" time="2.561" errors="0" timestamp="15 Apr 2024 04:50:10 GMT" skipped="0">
  <testcase classname="utilites.ReadDataFromPropertiesFileAndExcelFileEx1" name="readDataFromExcelFile" time="2.546"/>
  <testcase classname="utilites.ReadDataFromPropertiesFileAndExcelFileEx1" name="readDataFromPropertiesFile" time="0.015"/>
</testsuite> <!-- utilites.ReadDataFromPropertiesFileAndExcelFileEx1 -->
