<?xml version="1.0" encoding="UTF-8"?>
<!-- Generated by org.testng.reporters.JUnitReportReporter -->
<testsuite hostname="ALNV4AQ" failures="0" tests="4" name="testcaseIMP.LoginTestExtendsFromBase" time="81.260" errors="0" timestamp="05 May 2024 13:34:09 GMT" skipped="0">
  <testcase classname="testcaseIMP.LoginTestExtendsFromBase" name="loginWithValidUserNameAndPassword" time="25.841"/>
  <testcase classname="testcaseIMP.LoginTestExtendsFromBase" name="loginWithInvalidUserNameAndValidPassword" time="16.961"/>
  <testcase classname="testcaseIMP.LoginTestExtendsFromBase" name="loginWithValidUserNameAndInvalidPAssword" time="18.449"/>
  <testcase classname="testcaseIMP.LoginTestExtendsFromBase" name="loginWithoutUserNameAndPAssword" time="20.009"/>
</testsuite> <!-- testcaseIMP.LoginTestExtendsFromBase -->
