<?xml version="1.0" encoding="UTF-8"?>
<!-- Generated by org.testng.reporters.JUnitReportReporter -->
<testsuite hostname="ALNV4AQ" failures="0" tests="1" name="utilites.ReadDataFromExcelFileEx1" time="4.494" errors="0" timestamp="18 Apr 2024 06:36:58 GMT" skipped="0">
  <testcase classname="utilites.ReadDataFromExcelFileEx1" name="readdata" time="4.494"/>
</testsuite> <!-- utilites.ReadDataFromExcelFileEx1 -->
