<?xml version="1.0" encoding="UTF-8"?>
<!-- Generated by org.testng.reporters.JUnitReportReporter -->
<testsuite hostname="ALNV4AQ" failures="0" tests="1" name="utilites.ReadDataFromExcelFileEx2" time="2.972" errors="0" timestamp="18 Apr 2024 06:42:13 GMT" skipped="0">
  <testcase classname="utilites.ReadDataFromExcelFileEx2" name="getData" time="2.972"/>
</testsuite> <!-- utilites.ReadDataFromExcelFileEx2 -->
