<?xml version="1.0" encoding="UTF-8"?>
<!-- Generated by org.testng.reporters.JUnitReportReporter -->
<testsuite hostname="ALNV4AQ" failures="0" tests="3" name="testcases.RegisterPageExtendsEX1" time="92.333" errors="0" timestamp="19 Apr 2024 08:01:22 GMT" skipped="0">
  <testcase classname="testcases.RegisterPageExtendsEX1" name="validInformationAndRegister" time="29.826"/>
  <testcase classname="testcases.RegisterPageExtendsEX1" name="registerWithSubscriptionYes" time="37.193"/>
  <testcase classname="testcases.RegisterPageExtendsEX1" name="registerWithWithoutAnyInformation" time="25.314"/>
</testsuite> <!-- testcases.RegisterPageExtendsEX1 -->
