<?xml version="1.0" encoding="UTF-8"?>
<!-- Generated by org.testng.reporters.JUnitReportReporter -->
<testsuite hostname="ALNV4AQ" failures="0" tests="1" name="utilites.ReadDataFromPropertiesFile" time="0.052" errors="0" timestamp="14 Apr 2024 21:26:06 GMT" skipped="0">
  <testcase classname="utilites.ReadDataFromPropertiesFile" name="readDatafromPropertiesFiles" time="0.052"/>
</testsuite> <!-- utilites.ReadDataFromPropertiesFile -->
